<?xml version="1.0" encoding="UTF-8" ?>
<testsuites>
  <testsuite errors="0" failures="1" hostname="brian-kurlychek-1.wireless.usm.maine.edu" id="0" name="BooksServiceIntegrationTests" package="books" tests="3" time="0.393" timestamp="2012-02-07T19:17:18">
      <properties />

      <testcase classname="books.BooksServiceIntegrationTests" name="testStaticBooks" time="0.169" />

      <testcase classname="books.BooksServiceIntegrationTests" name="tryAnotherTest" time="0.099" />

      <testcase classname="books.BooksServiceIntegrationTests" name="tryAThirdTest" time="0.123">
          <failure message="junit.framework.AssertionFailedError: expected:&lt;1&gt; but was:&lt;0&gt;" type="junit.framework.AssertionFailedError">junit.framework.AssertionFailedError: junit.framework.AssertionFailedError: expected:&lt;1&gt; but was:&lt;0&gt;
	at books.BooksServiceIntegrationTests.tryAThirdTest(BooksServiceIntegrationTests.groovy:30)
</failure>

      </testcase>

      <system-out><![CDATA[--Output from testStaticBooks--
--Output from tryAnotherTest--
--Output from tryAThirdTest--
]]></system-out>

      <system-err><![CDATA[--Output from testStaticBooks--
--Output from tryAnotherTest--
--Output from tryAThirdTest--
]]></system-err>

  </testsuite>
  <testsuite errors="0" failures="0" hostname="brian-kurlychek-1.wireless.usm.maine.edu" id="1" name="BooksControllerTests" package="books" tests="1" time="1.438" timestamp="2012-02-07T19:17:07">
      <properties />

      <testcase classname="books.BooksControllerTests" name="testSomething" time="1.323" />

      <system-out><![CDATA[--Output from testSomething--
]]></system-out>

      <system-err><![CDATA[--Output from testSomething--
]]></system-err>

  </testsuite>
  <testsuite errors="0" failures="0" hostname="brian-kurlychek-1.wireless.usm.maine.edu" id="2" name="BooksServiceTests" package="books" tests="1" time="0.264" timestamp="2012-02-07T19:17:09">
      <properties />

      <testcase classname="books.BooksServiceTests" name="testSomething" time="0.031" />

      <system-out><![CDATA[--Output from testSomething--
]]></system-out>

      <system-err><![CDATA[--Output from testSomething--
]]></system-err>

  </testsuite>
  <testsuite errors="0" failures="0" hostname="brian-kurlychek-1.wireless.usm.maine.edu" id="3" name="BooksTests" package="books" tests="1" time="0.693" timestamp="2012-02-07T19:17:09">
      <properties />

      <testcase classname="books.BooksTests" name="testSomething" time="0.678" />

      <system-out><![CDATA[--Output from testSomething--
]]></system-out>

      <system-err><![CDATA[--Output from testSomething--
]]></system-err>

  </testsuite>
</testsuites>
